android/app/build/intermediates/manifest_merge_blame_file/debug/manifest-merger-blame-debug-report.txt
1<?xml version="1.0" encoding="utf-8"?>
2<manifest xmlns:android="http://schemas.android.com/apk/res/android"
3    package="com.example.medion"
4    android:versionCode="1"
5    android:versionName="1.0.0" >
6
7    <uses-sdk
8        android:minSdkVersion="23"
9        android:targetSdkVersion="35" />
10    <!--
11         The INTERNET permission is required for development. Specifically,
12         the Flutter tool needs it to communicate with the running application
13         to allow setting breakpoints, to provide hot reload, etc.
14    -->
15    <uses-permission android:name="android.permission.INTERNET" />
15-->src/main/AndroidManifest.xml:2:5-3:53
15-->src/main/AndroidManifest.xml:3:9-51
16    <uses-permission android:name="android.permission.ACCESS_FINE_LOCATION" />
16-->src/main/AndroidManifest.xml:4:5-5:65
16-->src/main/AndroidManifest.xml:5:9-63
17    <uses-permission android:name="android.permission.ACCESS_COARSE_LOCATION" />
17-->src/main/AndroidManifest.xml:6:5-7:67
17-->src/main/AndroidManifest.xml:7:9-65
18    <uses-permission
18-->src/main/AndroidManifest.xml:8:5-9:67
19        android:name="android.permission.WRITE_EXTERNAL_STORAGE"
19-->src/main/AndroidManifest.xml:9:9-65
20        android:maxSdkVersion="28" />
20-->[:camera_android_camerax] AndroidManifest.xml:13:9-35
21    <uses-permission
21-->src/main/AndroidManifest.xml:10:5-11:66
22        android:name="android.permission.READ_EXTERNAL_STORAGE"
22-->src/main/AndroidManifest.xml:11:9-64
23        android:maxSdkVersion="32" />
23-->[:open_filex] AndroidManifest.xml:10:9-35
24    <uses-permission android:name="android.permission.READ_MEDIA_IMAGES" />
24-->src/main/AndroidManifest.xml:12:5-13:62
24-->src/main/AndroidManifest.xml:13:9-60
25    <uses-permission android:name="android.permission.RECEIVE_BOOT_COMPLETED" />
25-->src/main/AndroidManifest.xml:14:5-15:67
25-->src/main/AndroidManifest.xml:15:9-65
26    <uses-permission android:name="android.permission.VIBRATE" />
26-->src/main/AndroidManifest.xml:16:5-17:52
26-->src/main/AndroidManifest.xml:17:9-50
27    <uses-permission android:name="android.permission.USE_FULL_SCREEN_INTENT" />
27-->src/main/AndroidManifest.xml:18:5-19:67
27-->src/main/AndroidManifest.xml:19:9-65
28    <uses-permission android:name="android.permission.POST_NOTIFICATIONS" />
28-->src/main/AndroidManifest.xml:20:5-21:63
28-->src/main/AndroidManifest.xml:21:9-61
29    <uses-permission android:name="android.permission.FOREGROUND_SERVICE" />
29-->src/main/AndroidManifest.xml:22:5-23:63
29-->src/main/AndroidManifest.xml:23:9-61
30    <!--
31 Required to query activities that can process text, see:
32         https://developer.android.com/training/package-visibility and
33         https://developer.android.com/reference/android/content/Intent#ACTION_PROCESS_TEXT.
34
35         In particular, this is used by the Flutter engine in io.flutter.plugin.text.ProcessTextPlugin.
36    -->
37    <queries>
37-->src/main/AndroidManifest.xml:64:5-69:15
38        <intent>
38-->src/main/AndroidManifest.xml:65:9-68:18
39            <action android:name="android.intent.action.PROCESS_TEXT" />
39-->src/main/AndroidManifest.xml:66:13-72
39-->src/main/AndroidManifest.xml:66:21-70
40
41            <data android:mimeType="text/plain" />
41-->src/main/AndroidManifest.xml:67:13-50
41-->src/main/AndroidManifest.xml:67:19-48
42        </intent>
43        <!-- Needs to be explicitly declared on Android R+ -->
44        <package android:name="com.google.android.apps.maps" />
44-->[com.google.android.gms:play-services-maps:18.2.0] AndroidManifest.xml:33:9-64
44-->[com.google.android.gms:play-services-maps:18.2.0] AndroidManifest.xml:33:18-61
45    </queries>
46
47    <uses-feature android:name="android.hardware.camera.any" />
47-->[:camera_android_camerax] AndroidManifest.xml:7:5-64
47-->[:camera_android_camerax] AndroidManifest.xml:7:19-61
48
49    <uses-permission android:name="android.permission.CAMERA" />
49-->[:camera_android_camerax] AndroidManifest.xml:9:5-65
49-->[:camera_android_camerax] AndroidManifest.xml:9:22-62
50    <uses-permission android:name="android.permission.RECORD_AUDIO" />
50-->[:camera_android_camerax] AndroidManifest.xml:10:5-71
50-->[:camera_android_camerax] AndroidManifest.xml:10:22-68
51    <uses-permission android:name="android.permission.ACCESS_NETWORK_STATE" />
51-->[:connectivity_plus] AndroidManifest.xml:7:5-79
51-->[:connectivity_plus] AndroidManifest.xml:7:22-76
52    <uses-permission android:name="android.permission.WAKE_LOCK" />
52-->[:firebase_analytics] AndroidManifest.xml:9:5-68
52-->[:firebase_analytics] AndroidManifest.xml:9:22-65
53    <uses-permission android:name="android.permission.READ_MEDIA_VIDEO" />
53-->[:open_filex] AndroidManifest.xml:12:5-75
53-->[:open_filex] AndroidManifest.xml:12:22-72
54    <uses-permission android:name="android.permission.READ_MEDIA_AUDIO" />
54-->[:open_filex] AndroidManifest.xml:13:5-75
54-->[:open_filex] AndroidManifest.xml:13:22-72
55
56    <uses-feature
56-->[com.google.android.gms:play-services-maps:18.2.0] AndroidManifest.xml:26:5-28:35
57        android:glEsVersion="0x00020000"
57-->[com.google.android.gms:play-services-maps:18.2.0] AndroidManifest.xml:27:9-41
58        android:required="true" />
58-->[com.google.android.gms:play-services-maps:18.2.0] AndroidManifest.xml:28:9-32
59
60    <uses-permission android:name="com.google.android.gms.permission.AD_ID" />
60-->[com.google.android.gms:play-services-measurement-api:22.1.2] AndroidManifest.xml:25:5-79
60-->[com.google.android.gms:play-services-measurement-api:22.1.2] AndroidManifest.xml:25:22-76
61    <uses-permission android:name="android.permission.ACCESS_ADSERVICES_ATTRIBUTION" />
61-->[com.google.android.gms:play-services-measurement-api:22.1.2] AndroidManifest.xml:26:5-88
61-->[com.google.android.gms:play-services-measurement-api:22.1.2] AndroidManifest.xml:26:22-85
62    <uses-permission android:name="android.permission.ACCESS_ADSERVICES_AD_ID" />
62-->[com.google.android.gms:play-services-measurement-api:22.1.2] AndroidManifest.xml:27:5-82
62-->[com.google.android.gms:play-services-measurement-api:22.1.2] AndroidManifest.xml:27:22-79
63    <uses-permission android:name="com.google.android.finsky.permission.BIND_GET_INSTALL_REFERRER_SERVICE" />
63-->[com.google.android.gms:play-services-measurement:22.1.2] AndroidManifest.xml:26:5-110
63-->[com.google.android.gms:play-services-measurement:22.1.2] AndroidManifest.xml:26:22-107
64    <uses-permission android:name="com.google.android.providers.gsf.permission.READ_GSERVICES" />
64-->[com.google.android.recaptcha:recaptcha:18.5.1] AndroidManifest.xml:9:5-98
64-->[com.google.android.recaptcha:recaptcha:18.5.1] AndroidManifest.xml:9:22-95
65
66    <permission
66-->[androidx.core:core:1.13.1] AndroidManifest.xml:22:5-24:47
67        android:name="com.example.medion.DYNAMIC_RECEIVER_NOT_EXPORTED_PERMISSION"
67-->[androidx.core:core:1.13.1] AndroidManifest.xml:23:9-81
68        android:protectionLevel="signature" />
68-->[androidx.core:core:1.13.1] AndroidManifest.xml:24:9-44
69
70    <uses-permission android:name="com.example.medion.DYNAMIC_RECEIVER_NOT_EXPORTED_PERMISSION" />
70-->[androidx.core:core:1.13.1] AndroidManifest.xml:26:5-97
70-->[androidx.core:core:1.13.1] AndroidManifest.xml:26:22-94
71
72    <application
73        android:name="android.app.Application"
74        android:appComponentFactory="androidx.core.app.CoreComponentFactory"
74-->[androidx.core:core:1.13.1] AndroidManifest.xml:28:18-86
75        android:debuggable="true"
76        android:enableOnBackInvokedCallback="true"
77        android:extractNativeLibs="false"
78        android:icon="@mipmap/ic_launcher"
79        android:label="medion" >
80        <meta-data
81            android:name="com.google.android.geo.API_KEY"
82            android:value="AIzaSyBcjnX5w8RHfWQ113YmpBM2NhRBYp1j6ws" />
83
84        <activity
85            android:name="com.example.medion.MainActivity"
86            android:configChanges="orientation|keyboardHidden|keyboard|screenSize|smallestScreenSize|locale|layoutDirection|fontScale|screenLayout|density|uiMode"
87            android:exported="true"
88            android:hardwareAccelerated="true"
89            android:launchMode="singleTop"
90            android:taskAffinity=""
91            android:theme="@style/LaunchTheme"
92            android:windowSoftInputMode="adjustResize" >
93            <meta-data
94                android:name="io.flutter.embedding.android.NormalTheme"
95                android:resource="@style/NormalTheme" />
96
97            <intent-filter>
98                <action android:name="android.intent.action.MAIN" />
99
100                <category android:name="android.intent.category.LAUNCHER" />
101            </intent-filter>
102        </activity>
103        <!--
104             Don't delete the meta-data below.
105             This is used by the Flutter tool to generate GeneratedPluginRegistrant.java
106        -->
107        <meta-data
108            android:name="flutterEmbedding"
109            android:value="2" />
110
111        <service
111-->[:cloud_firestore] AndroidManifest.xml:8:9-12:19
112            android:name="com.google.firebase.components.ComponentDiscoveryService"
112-->[:cloud_firestore] AndroidManifest.xml:8:18-89
113            android:directBootAware="true"
113-->[com.google.firebase:firebase-common:21.0.0] AndroidManifest.xml:32:13-43
114            android:exported="false" >
114-->[com.google.firebase:firebase-auth:23.1.0] AndroidManifest.xml:68:13-37
115            <meta-data
115-->[:cloud_firestore] AndroidManifest.xml:9:13-11:85
116                android:name="com.google.firebase.components:io.flutter.plugins.firebase.firestore.FlutterFirebaseFirestoreRegistrar"
116-->[:cloud_firestore] AndroidManifest.xml:10:17-134
117                android:value="com.google.firebase.components.ComponentRegistrar" />
117-->[:cloud_firestore] AndroidManifest.xml:11:17-82
118            <meta-data
118-->[:firebase_analytics] AndroidManifest.xml:13:13-15:85
119                android:name="com.google.firebase.components:io.flutter.plugins.firebase.analytics.FlutterFirebaseAppRegistrar"
119-->[:firebase_analytics] AndroidManifest.xml:14:17-128
120                android:value="com.google.firebase.components.ComponentRegistrar" />
120-->[:firebase_analytics] AndroidManifest.xml:15:17-82
121            <meta-data
121-->[:firebase_auth] AndroidManifest.xml:9:13-11:85
122                android:name="com.google.firebase.components:io.flutter.plugins.firebase.auth.FlutterFirebaseAuthRegistrar"
122-->[:firebase_auth] AndroidManifest.xml:10:17-124
123                android:value="com.google.firebase.components.ComponentRegistrar" />
123-->[:firebase_auth] AndroidManifest.xml:11:17-82
124            <meta-data
124-->[:firebase_storage] AndroidManifest.xml:9:13-11:85
125                android:name="com.google.firebase.components:io.flutter.plugins.firebase.storage.FlutterFirebaseAppRegistrar"
125-->[:firebase_storage] AndroidManifest.xml:10:17-126
126                android:value="com.google.firebase.components.ComponentRegistrar" />
126-->[:firebase_storage] AndroidManifest.xml:11:17-82
127            <meta-data
127-->[:firebase_core] AndroidManifest.xml:9:13-11:85
128                android:name="com.google.firebase.components:io.flutter.plugins.firebase.core.FlutterFirebaseCoreRegistrar"
128-->[:firebase_core] AndroidManifest.xml:10:17-124
129                android:value="com.google.firebase.components.ComponentRegistrar" />
129-->[:firebase_core] AndroidManifest.xml:11:17-82
130            <meta-data
130-->[com.google.firebase:firebase-auth:23.1.0] AndroidManifest.xml:69:13-71:85
131                android:name="com.google.firebase.components:com.google.firebase.auth.FirebaseAuthRegistrar"
131-->[com.google.firebase:firebase-auth:23.1.0] AndroidManifest.xml:70:17-109
132                android:value="com.google.firebase.components.ComponentRegistrar" />
132-->[com.google.firebase:firebase-auth:23.1.0] AndroidManifest.xml:71:17-82
133            <meta-data
133-->[com.google.firebase:firebase-firestore:25.1.1] AndroidManifest.xml:17:13-19:85
134                android:name="com.google.firebase.components:com.google.firebase.firestore.FirebaseFirestoreKtxRegistrar"
134-->[com.google.firebase:firebase-firestore:25.1.1] AndroidManifest.xml:18:17-122
135                android:value="com.google.firebase.components.ComponentRegistrar" />
135-->[com.google.firebase:firebase-firestore:25.1.1] AndroidManifest.xml:19:17-82
136            <meta-data
136-->[com.google.firebase:firebase-firestore:25.1.1] AndroidManifest.xml:20:13-22:85
137                android:name="com.google.firebase.components:com.google.firebase.firestore.FirestoreRegistrar"
137-->[com.google.firebase:firebase-firestore:25.1.1] AndroidManifest.xml:21:17-111
138                android:value="com.google.firebase.components.ComponentRegistrar" />
138-->[com.google.firebase:firebase-firestore:25.1.1] AndroidManifest.xml:22:17-82
139            <meta-data
139-->[com.google.firebase:firebase-storage:21.0.1] AndroidManifest.xml:30:13-32:85
140                android:name="com.google.firebase.components:com.google.firebase.storage.FirebaseStorageKtxRegistrar"
140-->[com.google.firebase:firebase-storage:21.0.1] AndroidManifest.xml:31:17-118
141                android:value="com.google.firebase.components.ComponentRegistrar" />
141-->[com.google.firebase:firebase-storage:21.0.1] AndroidManifest.xml:32:17-82
142            <meta-data
142-->[com.google.firebase:firebase-storage:21.0.1] AndroidManifest.xml:33:13-35:85
143                android:name="com.google.firebase.components:com.google.firebase.storage.StorageRegistrar"
143-->[com.google.firebase:firebase-storage:21.0.1] AndroidManifest.xml:34:17-107
144                android:value="com.google.firebase.components.ComponentRegistrar" />
144-->[com.google.firebase:firebase-storage:21.0.1] AndroidManifest.xml:35:17-82
145            <meta-data
145-->[com.google.android.gms:play-services-measurement-api:22.1.2] AndroidManifest.xml:37:13-39:85
146                android:name="com.google.firebase.components:com.google.firebase.analytics.connector.internal.AnalyticsConnectorRegistrar"
146-->[com.google.android.gms:play-services-measurement-api:22.1.2] AndroidManifest.xml:38:17-139
147                android:value="com.google.firebase.components.ComponentRegistrar" />
147-->[com.google.android.gms:play-services-measurement-api:22.1.2] AndroidManifest.xml:39:17-82
148            <meta-data
148-->[com.google.firebase:firebase-appcheck:18.0.0] AndroidManifest.xml:25:13-27:85
149                android:name="com.google.firebase.components:com.google.firebase.appcheck.FirebaseAppCheckKtxRegistrar"
149-->[com.google.firebase:firebase-appcheck:18.0.0] AndroidManifest.xml:26:17-120
150                android:value="com.google.firebase.components.ComponentRegistrar" />
150-->[com.google.firebase:firebase-appcheck:18.0.0] AndroidManifest.xml:27:17-82
151            <meta-data
151-->[com.google.firebase:firebase-appcheck:18.0.0] AndroidManifest.xml:28:13-30:85
152                android:name="com.google.firebase.components:com.google.firebase.appcheck.FirebaseAppCheckRegistrar"
152-->[com.google.firebase:firebase-appcheck:18.0.0] AndroidManifest.xml:29:17-117
153                android:value="com.google.firebase.components.ComponentRegistrar" />
153-->[com.google.firebase:firebase-appcheck:18.0.0] AndroidManifest.xml:30:17-82
154            <meta-data
154-->[com.google.firebase:firebase-installations:18.0.0] AndroidManifest.xml:15:13-17:85
155                android:name="com.google.firebase.components:com.google.firebase.installations.FirebaseInstallationsKtxRegistrar"
155-->[com.google.firebase:firebase-installations:18.0.0] AndroidManifest.xml:16:17-130
156                android:value="com.google.firebase.components.ComponentRegistrar" />
156-->[com.google.firebase:firebase-installations:18.0.0] AndroidManifest.xml:17:17-82
157            <meta-data
157-->[com.google.firebase:firebase-installations:18.0.0] AndroidManifest.xml:18:13-20:85
158                android:name="com.google.firebase.components:com.google.firebase.installations.FirebaseInstallationsRegistrar"
158-->[com.google.firebase:firebase-installations:18.0.0] AndroidManifest.xml:19:17-127
159                android:value="com.google.firebase.components.ComponentRegistrar" />
159-->[com.google.firebase:firebase-installations:18.0.0] AndroidManifest.xml:20:17-82
160            <meta-data
160-->[com.google.firebase:firebase-common-ktx:21.0.0] AndroidManifest.xml:12:13-14:85
161                android:name="com.google.firebase.components:com.google.firebase.ktx.FirebaseCommonLegacyRegistrar"
161-->[com.google.firebase:firebase-common-ktx:21.0.0] AndroidManifest.xml:13:17-116
162                android:value="com.google.firebase.components.ComponentRegistrar" />
162-->[com.google.firebase:firebase-common-ktx:21.0.0] AndroidManifest.xml:14:17-82
163            <meta-data
163-->[com.google.firebase:firebase-common:21.0.0] AndroidManifest.xml:35:13-37:85
164                android:name="com.google.firebase.components:com.google.firebase.FirebaseCommonKtxRegistrar"
164-->[com.google.firebase:firebase-common:21.0.0] AndroidManifest.xml:36:17-109
165                android:value="com.google.firebase.components.ComponentRegistrar" />
165-->[com.google.firebase:firebase-common:21.0.0] AndroidManifest.xml:37:17-82
166        </service>
167
168        <provider
168-->[:image_picker_android] AndroidManifest.xml:9:9-17:20
169            android:name="io.flutter.plugins.imagepicker.ImagePickerFileProvider"
169-->[:image_picker_android] AndroidManifest.xml:10:13-82
170            android:authorities="com.example.medion.flutter.image_provider"
170-->[:image_picker_android] AndroidManifest.xml:11:13-74
171            android:exported="false"
171-->[:image_picker_android] AndroidManifest.xml:12:13-37
172            android:grantUriPermissions="true" >
172-->[:image_picker_android] AndroidManifest.xml:13:13-47
173            <meta-data
173-->[:image_picker_android] AndroidManifest.xml:14:13-16:75
174                android:name="android.support.FILE_PROVIDER_PATHS"
174-->[:image_picker_android] AndroidManifest.xml:15:17-67
175                android:resource="@xml/flutter_image_picker_file_paths" />
175-->[:image_picker_android] AndroidManifest.xml:16:17-72
176        </provider> <!-- Trigger Google Play services to install the backported photo picker module. -->
177        <service
177-->[:image_picker_android] AndroidManifest.xml:19:9-31:19
178            android:name="com.google.android.gms.metadata.ModuleDependencies"
178-->[:image_picker_android] AndroidManifest.xml:20:13-78
179            android:enabled="false"
179-->[:image_picker_android] AndroidManifest.xml:21:13-36
180            android:exported="false" >
180-->[:image_picker_android] AndroidManifest.xml:22:13-37
181            <intent-filter>
181-->[:image_picker_android] AndroidManifest.xml:24:13-26:29
182                <action android:name="com.google.android.gms.metadata.MODULE_DEPENDENCIES" />
182-->[:image_picker_android] AndroidManifest.xml:25:17-94
182-->[:image_picker_android] AndroidManifest.xml:25:25-91
183            </intent-filter>
184
185            <meta-data
185-->[:image_picker_android] AndroidManifest.xml:28:13-30:36
186                android:name="photopicker_activity:0:required"
186-->[:image_picker_android] AndroidManifest.xml:29:17-63
187                android:value="" />
187-->[:image_picker_android] AndroidManifest.xml:30:17-33
188        </service>
189        <service
189-->[:geolocator_android] AndroidManifest.xml:8:9-12:56
190            android:name="com.baseflow.geolocator.GeolocatorLocationService"
190-->[:geolocator_android] AndroidManifest.xml:9:13-77
191            android:enabled="true"
191-->[:geolocator_android] AndroidManifest.xml:10:13-35
192            android:exported="false"
192-->[:geolocator_android] AndroidManifest.xml:11:13-37
193            android:foregroundServiceType="location" />
193-->[:geolocator_android] AndroidManifest.xml:12:13-53
194
195        <provider
195-->[:open_filex] AndroidManifest.xml:16:9-25:20
196            android:name="com.crazecoder.openfile.FileProvider"
196-->[:open_filex] AndroidManifest.xml:17:13-64
197            android:authorities="com.example.medion.fileProvider.com.crazecoder.openfile"
197-->[:open_filex] AndroidManifest.xml:18:13-88
198            android:exported="false"
198-->[:open_filex] AndroidManifest.xml:19:13-37
199            android:grantUriPermissions="true" >
199-->[:open_filex] AndroidManifest.xml:20:13-47
200            <meta-data
200-->[:image_picker_android] AndroidManifest.xml:14:13-16:75
201                android:name="android.support.FILE_PROVIDER_PATHS"
201-->[:image_picker_android] AndroidManifest.xml:15:17-67
202                android:resource="@xml/filepaths" />
202-->[:image_picker_android] AndroidManifest.xml:16:17-72
203        </provider>
204        <!--
205           Declares a provider which allows us to store files to share in
206           '.../caches/share_plus' and grant the receiving action access
207        -->
208        <provider
208-->[:share_plus] AndroidManifest.xml:13:9-21:20
209            android:name="dev.fluttercommunity.plus.share.ShareFileProvider"
209-->[:share_plus] AndroidManifest.xml:14:13-77
210            android:authorities="com.example.medion.flutter.share_provider"
210-->[:share_plus] AndroidManifest.xml:15:13-74
211            android:exported="false"
211-->[:share_plus] AndroidManifest.xml:16:13-37
212            android:grantUriPermissions="true" >
212-->[:share_plus] AndroidManifest.xml:17:13-47
213            <meta-data
213-->[:image_picker_android] AndroidManifest.xml:14:13-16:75
214                android:name="android.support.FILE_PROVIDER_PATHS"
214-->[:image_picker_android] AndroidManifest.xml:15:17-67
215                android:resource="@xml/flutter_share_file_paths" />
215-->[:image_picker_android] AndroidManifest.xml:16:17-72
216        </provider>
217        <!--
218           This manifest declared broadcast receiver allows us to use an explicit
219           Intent when creating a PendingItent to be informed of the user's choice
220        -->
221        <receiver
221-->[:share_plus] AndroidManifest.xml:26:9-32:20
222            android:name="dev.fluttercommunity.plus.share.SharePlusPendingIntent"
222-->[:share_plus] AndroidManifest.xml:27:13-82
223            android:exported="false" >
223-->[:share_plus] AndroidManifest.xml:28:13-37
224            <intent-filter>
224-->[:share_plus] AndroidManifest.xml:29:13-31:29
225                <action android:name="EXTRA_CHOSEN_COMPONENT" />
225-->[:share_plus] AndroidManifest.xml:30:17-65
225-->[:share_plus] AndroidManifest.xml:30:25-62
226            </intent-filter>
227        </receiver>
228
229        <activity
229-->[:url_launcher_android] AndroidManifest.xml:8:9-11:74
230            android:name="io.flutter.plugins.urllauncher.WebViewActivity"
230-->[:url_launcher_android] AndroidManifest.xml:9:13-74
231            android:exported="false"
231-->[:url_launcher_android] AndroidManifest.xml:10:13-37
232            android:theme="@android:style/Theme.NoTitleBar.Fullscreen" />
232-->[:url_launcher_android] AndroidManifest.xml:11:13-71
233
234        <service
234-->[androidx.camera:camera-camera2:1.3.4] AndroidManifest.xml:24:9-33:19
235            android:name="androidx.camera.core.impl.MetadataHolderService"
235-->[androidx.camera:camera-camera2:1.3.4] AndroidManifest.xml:25:13-75
236            android:enabled="false"
236-->[androidx.camera:camera-camera2:1.3.4] AndroidManifest.xml:26:13-36
237            android:exported="false" >
237-->[androidx.camera:camera-camera2:1.3.4] AndroidManifest.xml:27:13-37
238            <meta-data
238-->[androidx.camera:camera-camera2:1.3.4] AndroidManifest.xml:30:13-32:89
239                android:name="androidx.camera.core.impl.MetadataHolderService.DEFAULT_CONFIG_PROVIDER"
239-->[androidx.camera:camera-camera2:1.3.4] AndroidManifest.xml:31:17-103
240                android:value="androidx.camera.camera2.Camera2Config$DefaultProvider" />
240-->[androidx.camera:camera-camera2:1.3.4] AndroidManifest.xml:32:17-86
241        </service> <!-- Needs to be explicitly declared on P+ -->
242        <uses-library
242-->[com.google.android.gms:play-services-maps:18.2.0] AndroidManifest.xml:39:9-41:40
243            android:name="org.apache.http.legacy"
243-->[com.google.android.gms:play-services-maps:18.2.0] AndroidManifest.xml:40:13-50
244            android:required="false" />
244-->[com.google.android.gms:play-services-maps:18.2.0] AndroidManifest.xml:41:13-37
245
246        <activity
246-->[com.google.firebase:firebase-auth:23.1.0] AndroidManifest.xml:29:9-46:20
247            android:name="com.google.firebase.auth.internal.GenericIdpActivity"
247-->[com.google.firebase:firebase-auth:23.1.0] AndroidManifest.xml:30:13-80
248            android:excludeFromRecents="true"
248-->[com.google.firebase:firebase-auth:23.1.0] AndroidManifest.xml:31:13-46
249            android:exported="true"
249-->[com.google.firebase:firebase-auth:23.1.0] AndroidManifest.xml:32:13-36
250            android:launchMode="singleTask"
250-->[com.google.firebase:firebase-auth:23.1.0] AndroidManifest.xml:33:13-44
251            android:theme="@android:style/Theme.Translucent.NoTitleBar" >
251-->[com.google.firebase:firebase-auth:23.1.0] AndroidManifest.xml:34:13-72
252            <intent-filter>
252-->[com.google.firebase:firebase-auth:23.1.0] AndroidManifest.xml:35:13-45:29
253                <action android:name="android.intent.action.VIEW" />
253-->[com.google.firebase:firebase-auth:23.1.0] AndroidManifest.xml:36:17-69
253-->[com.google.firebase:firebase-auth:23.1.0] AndroidManifest.xml:36:25-66
254
255                <category android:name="android.intent.category.DEFAULT" />
255-->[com.google.firebase:firebase-auth:23.1.0] AndroidManifest.xml:38:17-76
255-->[com.google.firebase:firebase-auth:23.1.0] AndroidManifest.xml:38:27-73
256                <category android:name="android.intent.category.BROWSABLE" />
256-->[com.google.firebase:firebase-auth:23.1.0] AndroidManifest.xml:39:17-78
256-->[com.google.firebase:firebase-auth:23.1.0] AndroidManifest.xml:39:27-75
257
258                <data
258-->src/main/AndroidManifest.xml:67:13-50
259                    android:host="firebase.auth"
260                    android:path="/"
261                    android:scheme="genericidp" />
262            </intent-filter>
263        </activity>
264        <activity
264-->[com.google.firebase:firebase-auth:23.1.0] AndroidManifest.xml:47:9-64:20
265            android:name="com.google.firebase.auth.internal.RecaptchaActivity"
265-->[com.google.firebase:firebase-auth:23.1.0] AndroidManifest.xml:48:13-79
266            android:excludeFromRecents="true"
266-->[com.google.firebase:firebase-auth:23.1.0] AndroidManifest.xml:49:13-46
267            android:exported="true"
267-->[com.google.firebase:firebase-auth:23.1.0] AndroidManifest.xml:50:13-36
268            android:launchMode="singleTask"
268-->[com.google.firebase:firebase-auth:23.1.0] AndroidManifest.xml:51:13-44
269            android:theme="@android:style/Theme.Translucent.NoTitleBar" >
269-->[com.google.firebase:firebase-auth:23.1.0] AndroidManifest.xml:52:13-72
270            <intent-filter>
270-->[com.google.firebase:firebase-auth:23.1.0] AndroidManifest.xml:53:13-63:29
271                <action android:name="android.intent.action.VIEW" />
271-->[com.google.firebase:firebase-auth:23.1.0] AndroidManifest.xml:36:17-69
271-->[com.google.firebase:firebase-auth:23.1.0] AndroidManifest.xml:36:25-66
272
273                <category android:name="android.intent.category.DEFAULT" />
273-->[com.google.firebase:firebase-auth:23.1.0] AndroidManifest.xml:38:17-76
273-->[com.google.firebase:firebase-auth:23.1.0] AndroidManifest.xml:38:27-73
274                <category android:name="android.intent.category.BROWSABLE" />
274-->[com.google.firebase:firebase-auth:23.1.0] AndroidManifest.xml:39:17-78
274-->[com.google.firebase:firebase-auth:23.1.0] AndroidManifest.xml:39:27-75
275
276                <data
276-->src/main/AndroidManifest.xml:67:13-50
277                    android:host="firebase.auth"
278                    android:path="/"
279                    android:scheme="recaptcha" />
280            </intent-filter>
281        </activity>
282
283        <service
283-->[androidx.credentials:credentials-play-services-auth:1.2.0-rc01] AndroidManifest.xml:24:9-32:19
284            android:name="androidx.credentials.playservices.CredentialProviderMetadataHolder"
284-->[androidx.credentials:credentials-play-services-auth:1.2.0-rc01] AndroidManifest.xml:25:13-94
285            android:enabled="true"
285-->[androidx.credentials:credentials-play-services-auth:1.2.0-rc01] AndroidManifest.xml:26:13-35
286            android:exported="false" >
286-->[androidx.credentials:credentials-play-services-auth:1.2.0-rc01] AndroidManifest.xml:27:13-37
287            <meta-data
287-->[androidx.credentials:credentials-play-services-auth:1.2.0-rc01] AndroidManifest.xml:29:13-31:104
288                android:name="androidx.credentials.CREDENTIAL_PROVIDER_KEY"
288-->[androidx.credentials:credentials-play-services-auth:1.2.0-rc01] AndroidManifest.xml:30:17-76
289                android:value="androidx.credentials.playservices.CredentialProviderPlayServicesImpl" />
289-->[androidx.credentials:credentials-play-services-auth:1.2.0-rc01] AndroidManifest.xml:31:17-101
290        </service>
291
292        <activity
292-->[androidx.credentials:credentials-play-services-auth:1.2.0-rc01] AndroidManifest.xml:34:9-41:20
293            android:name="androidx.credentials.playservices.HiddenActivity"
293-->[androidx.credentials:credentials-play-services-auth:1.2.0-rc01] AndroidManifest.xml:35:13-76